Arguments: 
  /Users/dongzhiqiang/git/nvm/versions/node/v8.10.0/bin/node /usr/local/bin/yarn add react react-dom --save

PATH: 
  /Users/dongzhiqiang/git/nvm/versions/node/v8.10.0/bin:/usr/local/bin:/usr/bin:/bin:/usr/sbin:/sbin

Yarn version: 
  1.3.2

Node version: 
  8.10.0

Platform: 
  darwin x64

npm manifest: 
  No manifest

yarn manifest: 
  No manifest

Lockfile: 
  No lockfile

Trace: 
  Error: https://registry.npmjs.org/react: ETIMEDOUT
      at Timeout._onTimeout (/usr/local/lib/node_modules/yarn/lib/cli.js:123749:19)
      at ontimeout (timers.js:482:11)
      at tryOnTimeout (timers.js:317:5)
      at Timer.listOnTimeout (timers.js:277:5)
